Analysis & Synthesis report for liu
Tue Apr 10 11:30:44 2018
Quartus II Version 9.0 Build 235 06/17/2009 Service Pack 2 SJ Web Edition


---------------------
; Table of Contents ;
---------------------
  1. Legal Notice
  2. Analysis & Synthesis Summary
  3. Analysis & Synthesis Settings
  4. Analysis & Synthesis Source Files Read
  5. Analysis & Synthesis Resource Usage Summary
  6. Analysis & Synthesis Resource Utilization by Entity
  7. Analysis & Synthesis RAM Summary
  8. User-Specified and Inferred Latches
  9. General Register Statistics
 10. Source assignments for sin_rom:inst3|altsyncram:altsyncram_component|altsyncram_jk71:auto_generated
 11. Source assignments for other:inst6|altsyncram:altsyncram_component|altsyncram_br71:auto_generated
 12. Parameter Settings for User Entity Instance: sin_rom:inst3|altsyncram:altsyncram_component
 13. Parameter Settings for User Entity Instance: other:inst6|altsyncram:altsyncram_component
 14. altsyncram Parameter Settings by Entity Instance
 15. Analysis & Synthesis Messages



----------------
; Legal Notice ;
----------------
Copyright (C) 1991-2009 Altera Corporation
Your use of Altera Corporation's design tools, logic functions 
and other software and tools, and its AMPP partner logic 
functions, and any output files from any of the foregoing 
(including device programming or simulation files), and any 
associated documentation or information are expressly subject 
to the terms and conditions of the Altera Program License 
Subscription Agreement, Altera MegaCore Function License 
Agreement, or other applicable license agreement, including, 
without limitation, that your use is for the sole purpose of 
programming logic devices manufactured by Altera and sold by 
Altera or its authorized distributors.  Please refer to the 
applicable agreement for further details.



+-----------------------------------------------------------------------------------+
; Analysis & Synthesis Summary                                                      ;
+------------------------------------+----------------------------------------------+
; Analysis & Synthesis Status        ; Successful - Tue Apr 10 11:30:44 2018        ;
; Quartus II Version                 ; 9.0 Build 235 06/17/2009 SP 2 SJ Web Edition ;
; Revision Name                      ; liu                                          ;
; Top-level Entity Name              ; liuliu                                       ;
; Family                             ; Cyclone II                                   ;
; Total logic elements               ; 163                                          ;
;     Total combinational functions  ; 131                                          ;
;     Dedicated logic registers      ; 97                                           ;
; Total registers                    ; 97                                           ;
; Total pins                         ; 14                                           ;
; Total virtual pins                 ; 0                                            ;
; Total memory bits                  ; 24,576                                       ;
; Embedded Multiplier 9-bit elements ; 0                                            ;
; Total PLLs                         ; 0                                            ;
+------------------------------------+----------------------------------------------+


+--------------------------------------------------------------------------------------------------------+
; Analysis & Synthesis Settings                                                                          ;
+--------------------------------------------------------------+--------------------+--------------------+
; Option                                                       ; Setting            ; Default Value      ;
+--------------------------------------------------------------+--------------------+--------------------+
; Device                                                       ; EP2C35F672C8       ;                    ;
; Top-level entity name                                        ; liuliu             ; liu                ;
; Family name                                                  ; Cyclone II         ; Stratix II         ;
; Use Generated Physical Constraints File                      ; Off                ;                    ;
; Use smart compilation                                        ; Off                ; Off                ;
; Restructure Multiplexers                                     ; Auto               ; Auto               ;
; Create Debugging Nodes for IP Cores                          ; Off                ; Off                ;
; Preserve fewer node names                                    ; On                 ; On                 ;
; Disable OpenCore Plus hardware evaluation                    ; Off                ; Off                ;
; Verilog Version                                              ; Verilog_2001       ; Verilog_2001       ;
; VHDL Version                                                 ; VHDL93             ; VHDL93             ;
; State Machine Processing                                     ; Auto               ; Auto               ;
; Safe State Machine                                           ; Off                ; Off                ;
; Extract Verilog State Machines                               ; On                 ; On                 ;
; Extract VHDL State Machines                                  ; On                 ; On                 ;
; Ignore Verilog initial constructs                            ; Off                ; Off                ;
; Iteration limit for constant Verilog loops                   ; 5000               ; 5000               ;
; Iteration limit for non-constant Verilog loops               ; 250                ; 250                ;
; Add Pass-Through Logic to Inferred RAMs                      ; On                 ; On                 ;
; Parallel Synthesis                                           ; Off                ; Off                ;
; DSP Block Balancing                                          ; Auto               ; Auto               ;
; NOT Gate Push-Back                                           ; On                 ; On                 ;
; Power-Up Don't Care                                          ; On                 ; On                 ;
; Remove Redundant Logic Cells                                 ; Off                ; Off                ;
; Remove Duplicate Registers                                   ; On                 ; On                 ;
; Ignore CARRY Buffers                                         ; Off                ; Off                ;
; Ignore CASCADE Buffers                                       ; Off                ; Off                ;
; Ignore GLOBAL Buffers                                        ; Off                ; Off                ;
; Ignore ROW GLOBAL Buffers                                    ; Off                ; Off                ;
; Ignore LCELL Buffers                                         ; Off                ; Off                ;
; Ignore SOFT Buffers                                          ; On                 ; On                 ;
; Limit AHDL Integers to 32 Bits                               ; Off                ; Off                ;
; Optimization Technique                                       ; Balanced           ; Balanced           ;
; Carry Chain Length                                           ; 70                 ; 70                 ;
; Auto Carry Chains                                            ; On                 ; On                 ;
; Auto Open-Drain Pins                                         ; On                 ; On                 ;
; Perform WYSIWYG Primitive Resynthesis                        ; Off                ; Off                ;
; Auto ROM Replacement                                         ; On                 ; On                 ;
; Auto RAM Replacement                                         ; On                 ; On                 ;
; Auto Shift Register Replacement                              ; Auto               ; Auto               ;
; Auto Clock Enable Replacement                                ; On                 ; On                 ;
; Strict RAM Replacement                                       ; Off                ; Off                ;
; Allow Synchronous Control Signals                            ; On                 ; On                 ;
; Force Use of Synchronous Clear Signals                       ; Off                ; Off                ;
; Auto RAM to Logic Cell Conversion                            ; Off                ; Off                ;
; Auto Resource Sharing                                        ; Off                ; Off                ;
; Allow Any RAM Size For Recognition                           ; Off                ; Off                ;
; Allow Any ROM Size For Recognition                           ; Off                ; Off                ;
; Allow Any Shift Register Size For Recognition                ; Off                ; Off                ;
; Use LogicLock Constraints during Resource Balancing          ; On                 ; On                 ;
; Ignore translate_off and synthesis_off directives            ; Off                ; Off                ;
; Timing-Driven Synthesis                                      ; Off                ; Off                ;
; Show Parameter Settings Tables in Synthesis Report           ; On                 ; On                 ;
; Ignore Maximum Fan-Out Assignments                           ; Off                ; Off                ;
; Synchronization Register Chain Length                        ; 2                  ; 2                  ;
; PowerPlay Power Optimization                                 ; Normal compilation ; Normal compilation ;
; HDL message level                                            ; Level2             ; Level2             ;
; Suppress Register Optimization Related Messages              ; Off                ; Off                ;
; Number of Removed Registers Reported in Synthesis Report     ; 100                ; 100                ;
; Number of Inverted Registers Reported in Synthesis Report    ; 100                ; 100                ;
; Clock MUX Protection                                         ; On                 ; On                 ;
; Auto Gated Clock Conversion                                  ; Off                ; Off                ;
; Block Design Naming                                          ; Auto               ; Auto               ;
; SDC constraint protection                                    ; Off                ; Off                ;
; Synthesis Effort                                             ; Auto               ; Auto               ;
; Shift Register Replacement - Allow Asynchronous Clear Signal ; On                 ; On                 ;
; Analysis & Synthesis Message Level                           ; Medium             ; Medium             ;
+--------------------------------------------------------------+--------------------+--------------------+


+----------------------------------------------------------------------------------------------------------------------------------------------------------------------+
; Analysis & Synthesis Source Files Read                                                                                                                               ;
+----------------------------------+-----------------+----------------------------------------+------------------------------------------------------------------------+
; File Name with User-Entered Path ; Used in Netlist ; File Type                              ; File Name with Absolute Path                                           ;
+----------------------------------+-----------------+----------------------------------------+------------------------------------------------------------------------+
; ../11503/addr32.v                ; yes             ; User Verilog HDL File                  ; C:/Documents and Settings/Administrator/桌面/11503/addr32.v            ;
; ../11503/dac7513.v               ; yes             ; User Verilog HDL File                  ; C:/Documents and Settings/Administrator/桌面/11503/dac7513.v           ;
; ../11503/dff32.v                 ; yes             ; User Verilog HDL File                  ; C:/Documents and Settings/Administrator/桌面/11503/dff32.v             ;
; ../11503/liuliu.bdf              ; yes             ; User Block Diagram/Schematic File      ; C:/Documents and Settings/Administrator/桌面/11503/liuliu.bdf          ;
; ../11503/sin_rom.v               ; yes             ; User Wizard-Generated File             ; C:/Documents and Settings/Administrator/桌面/11503/sin_rom.v           ;
; cnt.v                            ; yes             ; User Verilog HDL File                  ; C:/Documents and Settings/Administrator/桌面/gg/cnt.v                  ;
; mux21.v                          ; yes             ; User Verilog HDL File                  ; C:/Documents and Settings/Administrator/桌面/gg/mux21.v                ;
; other.v                          ; yes             ; User Wizard-Generated File             ; C:/Documents and Settings/Administrator/桌面/gg/other.v                ;
; altsyncram.tdf                   ; yes             ; Megafunction                           ; c:/altera/90sp2/quartus/libraries/megafunctions/altsyncram.tdf         ;
; stratix_ram_block.inc            ; yes             ; Megafunction                           ; c:/altera/90sp2/quartus/libraries/megafunctions/stratix_ram_block.inc  ;
; lpm_mux.inc                      ; yes             ; Megafunction                           ; c:/altera/90sp2/quartus/libraries/megafunctions/lpm_mux.inc            ;
; lpm_decode.inc                   ; yes             ; Megafunction                           ; c:/altera/90sp2/quartus/libraries/megafunctions/lpm_decode.inc         ;
; aglobal90.inc                    ; yes             ; Megafunction                           ; c:/altera/90sp2/quartus/libraries/megafunctions/aglobal90.inc          ;
; a_rdenreg.inc                    ; yes             ; Megafunction                           ; c:/altera/90sp2/quartus/libraries/megafunctions/a_rdenreg.inc          ;
; altrom.inc                       ; yes             ; Megafunction                           ; c:/altera/90sp2/quartus/libraries/megafunctions/altrom.inc             ;
; altram.inc                       ; yes             ; Megafunction                           ; c:/altera/90sp2/quartus/libraries/megafunctions/altram.inc             ;
; altdpram.inc                     ; yes             ; Megafunction                           ; c:/altera/90sp2/quartus/libraries/megafunctions/altdpram.inc           ;
; altqpram.inc                     ; yes             ; Megafunction                           ; c:/altera/90sp2/quartus/libraries/megafunctions/altqpram.inc           ;
; db/altsyncram_jk71.tdf           ; yes             ; Auto-Generated Megafunction            ; C:/Documents and Settings/Administrator/桌面/gg/db/altsyncram_jk71.tdf ;
; db/altsyncram_br71.tdf           ; yes             ; Auto-Generated Megafunction            ; C:/Documents and Settings/Administrator/桌面/gg/db/altsyncram_br71.tdf ;
; other.mif                        ; yes             ; Auto-Found Memory Initialization File  ; C:/Documents and Settings/Administrator/桌面/gg/other.mif              ;
+----------------------------------+-----------------+----------------------------------------+------------------------------------------------------------------------+


+-----------------------------------------------------+
; Analysis & Synthesis Resource Usage Summary         ;
+---------------------------------------------+-------+
; Resource                                    ; Usage ;
+---------------------------------------------+-------+
; Estimated Total logic elements              ; 163   ;
;                                             ;       ;
; Total combinational functions               ; 131   ;
; Logic element usage by number of LUT inputs ;       ;
;     -- 4 input functions                    ; 18    ;
;     -- 3 input functions                    ; 52    ;
;     -- <=2 input functions                  ; 61    ;
;                                             ;       ;
; Logic elements by mode                      ;       ;
;     -- normal mode                          ; 70    ;
;     -- arithmetic mode                      ; 61    ;
;                                             ;       ;
; Total registers                             ; 97    ;
;     -- Dedicated logic registers            ; 97    ;
;     -- I/O registers                        ; 0     ;
;                                             ;       ;
; I/O pins                                    ; 14    ;
; Total memory bits                           ; 24576 ;
; Maximum fan-out node                        ; clk   ;
; Maximum fan-out                             ; 105   ;
; Total fan-out                               ; 805   ;
; Average fan-out                             ; 3.03  ;
+---------------------------------------------+-------+


+-------------------------------------------------------------------------------------------------------------------------------------------------------------------------------------------------------------------------------------------------------------+
; Analysis & Synthesis Resource Utilization by Entity                                                                                                                                                                                                         ;
+-------------------------------------------+-------------------+--------------+-------------+--------------+---------+-----------+------+--------------+--------------------------------------------------------------------------------------+--------------+
; Compilation Hierarchy Node                ; LC Combinationals ; LC Registers ; Memory Bits ; DSP Elements ; DSP 9x9 ; DSP 18x18 ; Pins ; Virtual Pins ; Full Hierarchy Name                                                                  ; Library Name ;
+-------------------------------------------+-------------------+--------------+-------------+--------------+---------+-----------+------+--------------+--------------------------------------------------------------------------------------+--------------+
; |liuliu                                   ; 131 (0)           ; 97 (0)       ; 24576       ; 0            ; 0       ; 0         ; 14   ; 0            ; |liuliu                                                                              ; work         ;
;    |addr32:inst|                          ; 33 (33)           ; 32 (32)      ; 0           ; 0            ; 0       ; 0         ; 0    ; 0            ; |liuliu|addr32:inst                                                                  ; work         ;
;    |cnt:inst4|                            ; 10 (10)           ; 10 (10)      ; 0           ; 0            ; 0       ; 0         ; 0    ; 0            ; |liuliu|cnt:inst4                                                                    ; work         ;
;    |dac7513:inst1|                        ; 50 (50)           ; 23 (23)      ; 0           ; 0            ; 0       ; 0         ; 0    ; 0            ; |liuliu|dac7513:inst1                                                                ; work         ;
;    |dff32:inst2|                          ; 0 (0)             ; 32 (32)      ; 0           ; 0            ; 0       ; 0         ; 0    ; 0            ; |liuliu|dff32:inst2                                                                  ; work         ;
;    |mux12:inst5|                          ; 20 (20)           ; 0 (0)        ; 0           ; 0            ; 0       ; 0         ; 0    ; 0            ; |liuliu|mux12:inst5                                                                  ; work         ;
;    |mux21:inst10|                         ; 8 (8)             ; 0 (0)        ; 0           ; 0            ; 0       ; 0         ; 0    ; 0            ; |liuliu|mux21:inst10                                                                 ; work         ;
;    |other:inst6|                          ; 0 (0)             ; 0 (0)        ; 12288       ; 0            ; 0       ; 0         ; 0    ; 0            ; |liuliu|other:inst6                                                                  ; work         ;
;       |altsyncram:altsyncram_component|   ; 0 (0)             ; 0 (0)        ; 12288       ; 0            ; 0       ; 0         ; 0    ; 0            ; |liuliu|other:inst6|altsyncram:altsyncram_component                                  ; work         ;
;          |altsyncram_br71:auto_generated| ; 0 (0)             ; 0 (0)        ; 12288       ; 0            ; 0       ; 0         ; 0    ; 0            ; |liuliu|other:inst6|altsyncram:altsyncram_component|altsyncram_br71:auto_generated   ; work         ;
;    |pad:inst8|                            ; 10 (10)           ; 0 (0)        ; 0           ; 0            ; 0       ; 0         ; 0    ; 0            ; |liuliu|pad:inst8                                                                    ; work         ;
;    |sin_rom:inst3|                        ; 0 (0)             ; 0 (0)        ; 12288       ; 0            ; 0       ; 0         ; 0    ; 0            ; |liuliu|sin_rom:inst3                                                                ; work         ;
;       |altsyncram:altsyncram_component|   ; 0 (0)             ; 0 (0)        ; 12288       ; 0            ; 0       ; 0         ; 0    ; 0            ; |liuliu|sin_rom:inst3|altsyncram:altsyncram_component                                ; work         ;
;          |altsyncram_jk71:auto_generated| ; 0 (0)             ; 0 (0)        ; 12288       ; 0            ; 0       ; 0         ; 0    ; 0            ; |liuliu|sin_rom:inst3|altsyncram:altsyncram_component|altsyncram_jk71:auto_generated ; work         ;
+-------------------------------------------+-------------------+--------------+-------------+--------------+---------+-----------+------+--------------+--------------------------------------------------------------------------------------+--------------+
Note: For table entries with two numbers listed, the numbers in parentheses indicate the number of resources of the given type used by the specific entity alone. The numbers listed outside of parentheses indicate the total resources of the given type used by the specific entity and all of its sub-entities in the hierarchy.


+---------------------------------------------------------------------------------------------------------------------------------------------------------------------------------------+
; Analysis & Synthesis RAM Summary                                                                                                                                                      ;
+-----------------------------------------------------------------------------------------+------+------+--------------+--------------+--------------+--------------+-------+-----------+
; Name                                                                                    ; Type ; Mode ; Port A Depth ; Port A Width ; Port B Depth ; Port B Width ; Size  ; MIF       ;
+-----------------------------------------------------------------------------------------+------+------+--------------+--------------+--------------+--------------+-------+-----------+
; other:inst6|altsyncram:altsyncram_component|altsyncram_br71:auto_generated|ALTSYNCRAM   ; AUTO ; ROM  ; 1024         ; 12           ; --           ; --           ; 12288 ; other.mif ;
; sin_rom:inst3|altsyncram:altsyncram_component|altsyncram_jk71:auto_generated|ALTSYNCRAM ; AUTO ; ROM  ; 1024         ; 12           ; --           ; --           ; 12288 ; sin.mif   ;
+-----------------------------------------------------------------------------------------+------+------+--------------+--------------+--------------+--------------+-------+-----------+


+----------------------------------------------------------------------------------------------------+
; User-Specified and Inferred Latches                                                                ;
+-----------------------------------------------------+---------------------+------------------------+
; Latch Name                                          ; Latch Enable Signal ; Free of Timing Hazards ;
+-----------------------------------------------------+---------------------+------------------------+
; mux12:inst5|dataa[0]                                ; sel                 ; yes                    ;
; mux12:inst5|dataa[1]                                ; sel                 ; yes                    ;
; mux12:inst5|dataa[2]                                ; sel                 ; yes                    ;
; mux12:inst5|dataa[3]                                ; sel                 ; yes                    ;
; mux12:inst5|dataa[4]                                ; sel                 ; yes                    ;
; mux12:inst5|dataa[5]                                ; sel                 ; yes                    ;
; mux12:inst5|dataa[6]                                ; sel                 ; yes                    ;
; mux12:inst5|dataa[7]                                ; sel                 ; yes                    ;
; mux12:inst5|dataa[8]                                ; sel                 ; yes                    ;
; mux12:inst5|dataa[9]                                ; sel                 ; yes                    ;
; mux12:inst5|datab[0]                                ; sel                 ; yes                    ;
; mux12:inst5|datab[1]                                ; sel                 ; yes                    ;
; mux12:inst5|datab[2]                                ; sel                 ; yes                    ;
; mux12:inst5|datab[3]                                ; sel                 ; yes                    ;
; mux12:inst5|datab[4]                                ; sel                 ; yes                    ;
; mux12:inst5|datab[5]                                ; sel                 ; yes                    ;
; mux12:inst5|datab[6]                                ; sel                 ; yes                    ;
; mux12:inst5|datab[7]                                ; sel                 ; yes                    ;
; mux12:inst5|datab[8]                                ; sel                 ; yes                    ;
; mux12:inst5|datab[9]                                ; sel                 ; yes                    ;
; Number of user-specified and inferred latches = 20  ;                     ;                        ;
+-----------------------------------------------------+---------------------+------------------------+
Note: All latches listed above may not be present at the end of synthesis due to various synthesis optimizations.


+------------------------------------------------------+
; General Register Statistics                          ;
+----------------------------------------------+-------+
; Statistic                                    ; Value ;
+----------------------------------------------+-------+
; Total registers                              ; 97    ;
; Number of registers using Synchronous Clear  ; 0     ;
; Number of registers using Synchronous Load   ; 0     ;
; Number of registers using Asynchronous Clear ; 0     ;
; Number of registers using Asynchronous Load  ; 0     ;
; Number of registers using Clock Enable       ; 0     ;
; Number of registers using Preset             ; 0     ;
+----------------------------------------------+-------+


+-----------------------------------------------------------------------------------------------------+
; Source assignments for sin_rom:inst3|altsyncram:altsyncram_component|altsyncram_jk71:auto_generated ;
+---------------------------------+--------------------+------+---------------------------------------+
; Assignment                      ; Value              ; From ; To                                    ;
+---------------------------------+--------------------+------+---------------------------------------+
; OPTIMIZE_POWER_DURING_SYNTHESIS ; NORMAL_COMPILATION ; -    ; -                                     ;
+---------------------------------+--------------------+------+---------------------------------------+


+---------------------------------------------------------------------------------------------------+
; Source assignments for other:inst6|altsyncram:altsyncram_component|altsyncram_br71:auto_generated ;
+---------------------------------+--------------------+------+-------------------------------------+
; Assignment                      ; Value              ; From ; To                                  ;
+---------------------------------+--------------------+------+-------------------------------------+
; OPTIMIZE_POWER_DURING_SYNTHESIS ; NORMAL_COMPILATION ; -    ; -                                   ;
+---------------------------------+--------------------+------+-------------------------------------+


+--------------------------------------------------------------------------------------------+
; Parameter Settings for User Entity Instance: sin_rom:inst3|altsyncram:altsyncram_component ;
+------------------------------------+----------------------+--------------------------------+
; Parameter Name                     ; Value                ; Type                           ;
+------------------------------------+----------------------+--------------------------------+
; BYTE_SIZE_BLOCK                    ; 8                    ; Untyped                        ;
; AUTO_CARRY_CHAINS                  ; ON                   ; AUTO_CARRY                     ;
; IGNORE_CARRY_BUFFERS               ; OFF                  ; IGNORE_CARRY                   ;
; AUTO_CASCADE_CHAINS                ; ON                   ; AUTO_CASCADE                   ;
; IGNORE_CASCADE_BUFFERS             ; OFF                  ; IGNORE_CASCADE                 ;
; WIDTH_BYTEENA                      ; 1                    ; Untyped                        ;
; OPERATION_MODE                     ; ROM                  ; Untyped                        ;
; WIDTH_A                            ; 12                   ; Signed Integer                 ;
; WIDTHAD_A                          ; 10                   ; Signed Integer                 ;
; NUMWORDS_A                         ; 1024                 ; Signed Integer                 ;
; OUTDATA_REG_A                      ; UNREGISTERED         ; Untyped                        ;
; ADDRESS_ACLR_A                     ; NONE                 ; Untyped                        ;
; OUTDATA_ACLR_A                     ; NONE                 ; Untyped                        ;
; WRCONTROL_ACLR_A                   ; NONE                 ; Untyped                        ;
; INDATA_ACLR_A                      ; NONE                 ; Untyped                        ;
; BYTEENA_ACLR_A                     ; NONE                 ; Untyped                        ;
; WIDTH_B                            ; 1                    ; Untyped                        ;
; WIDTHAD_B                          ; 1                    ; Untyped                        ;
; NUMWORDS_B                         ; 1                    ; Untyped                        ;
; INDATA_REG_B                       ; CLOCK1               ; Untyped                        ;
; WRCONTROL_WRADDRESS_REG_B          ; CLOCK1               ; Untyped                        ;
; RDCONTROL_REG_B                    ; CLOCK1               ; Untyped                        ;
; ADDRESS_REG_B                      ; CLOCK1               ; Untyped                        ;
; OUTDATA_REG_B                      ; UNREGISTERED         ; Untyped                        ;
; BYTEENA_REG_B                      ; CLOCK1               ; Untyped                        ;
; INDATA_ACLR_B                      ; NONE                 ; Untyped                        ;
; WRCONTROL_ACLR_B                   ; NONE                 ; Untyped                        ;
; ADDRESS_ACLR_B                     ; NONE                 ; Untyped                        ;
; OUTDATA_ACLR_B                     ; NONE                 ; Untyped                        ;
; RDCONTROL_ACLR_B                   ; NONE                 ; Untyped                        ;
; BYTEENA_ACLR_B                     ; NONE                 ; Untyped                        ;
; WIDTH_BYTEENA_A                    ; 1                    ; Signed Integer                 ;
; WIDTH_BYTEENA_B                    ; 1                    ; Untyped                        ;
; RAM_BLOCK_TYPE                     ; AUTO                 ; Untyped                        ;
; BYTE_SIZE                          ; 8                    ; Untyped                        ;
; READ_DURING_WRITE_MODE_MIXED_PORTS ; DONT_CARE            ; Untyped                        ;
; READ_DURING_WRITE_MODE_PORT_A      ; NEW_DATA_NO_NBE_READ ; Untyped                        ;
; READ_DURING_WRITE_MODE_PORT_B      ; NEW_DATA_NO_NBE_READ ; Untyped                        ;
; INIT_FILE                          ; sin.mif              ; Untyped                        ;
; INIT_FILE_LAYOUT                   ; PORT_A               ; Untyped                        ;
; MAXIMUM_DEPTH                      ; 0                    ; Untyped                        ;
; CLOCK_ENABLE_INPUT_A               ; BYPASS               ; Untyped                        ;
; CLOCK_ENABLE_INPUT_B               ; NORMAL               ; Untyped                        ;
; CLOCK_ENABLE_OUTPUT_A              ; BYPASS               ; Untyped                        ;
; CLOCK_ENABLE_OUTPUT_B              ; NORMAL               ; Untyped                        ;
; CLOCK_ENABLE_CORE_A                ; USE_INPUT_CLKEN      ; Untyped                        ;
; CLOCK_ENABLE_CORE_B                ; USE_INPUT_CLKEN      ; Untyped                        ;
; ENABLE_ECC                         ; FALSE                ; Untyped                        ;
; DEVICE_FAMILY                      ; Cyclone II           ; Untyped                        ;
; CBXI_PARAMETER                     ; altsyncram_jk71      ; Untyped                        ;
+------------------------------------+----------------------+--------------------------------+
Note: In order to hide this table in the UI and the text report file, please set the "Show Parameter Settings Tables in Synthesis Report" option in "Analysis and Synthesis Settings -> More Settings" to "Off".


+------------------------------------------------------------------------------------------+
; Parameter Settings for User Entity Instance: other:inst6|altsyncram:altsyncram_component ;
+------------------------------------+----------------------+------------------------------+
; Parameter Name                     ; Value                ; Type                         ;
+------------------------------------+----------------------+------------------------------+
; BYTE_SIZE_BLOCK                    ; 8                    ; Untyped                      ;
; AUTO_CARRY_CHAINS                  ; ON                   ; AUTO_CARRY                   ;
; IGNORE_CARRY_BUFFERS               ; OFF                  ; IGNORE_CARRY                 ;
; AUTO_CASCADE_CHAINS                ; ON                   ; AUTO_CASCADE                 ;
; IGNORE_CASCADE_BUFFERS             ; OFF                  ; IGNORE_CASCADE               ;
; WIDTH_BYTEENA                      ; 1                    ; Untyped                      ;
; OPERATION_MODE                     ; ROM                  ; Untyped                      ;
; WIDTH_A                            ; 12                   ; Signed Integer               ;
; WIDTHAD_A                          ; 10                   ; Signed Integer               ;
; NUMWORDS_A                         ; 1024                 ; Signed Integer               ;
; OUTDATA_REG_A                      ; UNREGISTERED         ; Untyped                      ;
; ADDRESS_ACLR_A                     ; NONE                 ; Untyped                      ;
; OUTDATA_ACLR_A                     ; NONE                 ; Untyped                      ;
; WRCONTROL_ACLR_A                   ; NONE                 ; Untyped                      ;
; INDATA_ACLR_A                      ; NONE                 ; Untyped                      ;
; BYTEENA_ACLR_A                     ; NONE                 ; Untyped                      ;
; WIDTH_B                            ; 1                    ; Untyped                      ;
; WIDTHAD_B                          ; 1                    ; Untyped                      ;
; NUMWORDS_B                         ; 1                    ; Untyped                      ;
; INDATA_REG_B                       ; CLOCK1               ; Untyped                      ;
; WRCONTROL_WRADDRESS_REG_B          ; CLOCK1               ; Untyped                      ;
; RDCONTROL_REG_B                    ; CLOCK1               ; Untyped                      ;
; ADDRESS_REG_B                      ; CLOCK1               ; Untyped                      ;
; OUTDATA_REG_B                      ; UNREGISTERED         ; Untyped                      ;
; BYTEENA_REG_B                      ; CLOCK1               ; Untyped                      ;
; INDATA_ACLR_B                      ; NONE                 ; Untyped                      ;
; WRCONTROL_ACLR_B                   ; NONE                 ; Untyped                      ;
; ADDRESS_ACLR_B                     ; NONE                 ; Untyped                      ;
; OUTDATA_ACLR_B                     ; NONE                 ; Untyped                      ;
; RDCONTROL_ACLR_B                   ; NONE                 ; Untyped                      ;
; BYTEENA_ACLR_B                     ; NONE                 ; Untyped                      ;
; WIDTH_BYTEENA_A                    ; 1                    ; Signed Integer               ;
; WIDTH_BYTEENA_B                    ; 1                    ; Untyped                      ;
; RAM_BLOCK_TYPE                     ; AUTO                 ; Untyped                      ;
; BYTE_SIZE                          ; 8                    ; Untyped                      ;
; READ_DURING_WRITE_MODE_MIXED_PORTS ; DONT_CARE            ; Untyped                      ;
; READ_DURING_WRITE_MODE_PORT_A      ; NEW_DATA_NO_NBE_READ ; Untyped                      ;
; READ_DURING_WRITE_MODE_PORT_B      ; NEW_DATA_NO_NBE_READ ; Untyped                      ;
; INIT_FILE                          ; other.mif            ; Untyped                      ;
; INIT_FILE_LAYOUT                   ; PORT_A               ; Untyped                      ;
; MAXIMUM_DEPTH                      ; 0                    ; Untyped                      ;
; CLOCK_ENABLE_INPUT_A               ; BYPASS               ; Untyped                      ;
; CLOCK_ENABLE_INPUT_B               ; NORMAL               ; Untyped                      ;
; CLOCK_ENABLE_OUTPUT_A              ; BYPASS               ; Untyped                      ;
; CLOCK_ENABLE_OUTPUT_B              ; NORMAL               ; Untyped                      ;
; CLOCK_ENABLE_CORE_A                ; USE_INPUT_CLKEN      ; Untyped                      ;
; CLOCK_ENABLE_CORE_B                ; USE_INPUT_CLKEN      ; Untyped                      ;
; ENABLE_ECC                         ; FALSE                ; Untyped                      ;
; DEVICE_FAMILY                      ; Cyclone II           ; Untyped                      ;
; CBXI_PARAMETER                     ; altsyncram_br71      ; Untyped                      ;
+------------------------------------+----------------------+------------------------------+
Note: In order to hide this table in the UI and the text report file, please set the "Show Parameter Settings Tables in Synthesis Report" option in "Analysis and Synthesis Settings -> More Settings" to "Off".


+-------------------------------------------------------------------------------------------+
; altsyncram Parameter Settings by Entity Instance                                          ;
+-------------------------------------------+-----------------------------------------------+
; Name                                      ; Value                                         ;
+-------------------------------------------+-----------------------------------------------+
; Number of entity instances                ; 2                                             ;
; Entity Instance                           ; sin_rom:inst3|altsyncram:altsyncram_component ;
;     -- OPERATION_MODE                     ; ROM                                           ;
;     -- WIDTH_A                            ; 12                                            ;
;     -- NUMWORDS_A                         ; 1024                                          ;
;     -- OUTDATA_REG_A                      ; UNREGISTERED                                  ;
;     -- WIDTH_B                            ; 1                                             ;
;     -- NUMWORDS_B                         ; 1                                             ;
;     -- ADDRESS_REG_B                      ; CLOCK1                                        ;
;     -- OUTDATA_REG_B                      ; UNREGISTERED                                  ;
;     -- RAM_BLOCK_TYPE                     ; AUTO                                          ;
;     -- READ_DURING_WRITE_MODE_MIXED_PORTS ; DONT_CARE                                     ;
; Entity Instance                           ; other:inst6|altsyncram:altsyncram_component   ;
;     -- OPERATION_MODE                     ; ROM                                           ;
;     -- WIDTH_A                            ; 12                                            ;
;     -- NUMWORDS_A                         ; 1024                                          ;
;     -- OUTDATA_REG_A                      ; UNREGISTERED                                  ;
;     -- WIDTH_B                            ; 1                                             ;
;     -- NUMWORDS_B                         ; 1                                             ;
;     -- ADDRESS_REG_B                      ; CLOCK1                                        ;
;     -- OUTDATA_REG_B                      ; UNREGISTERED                                  ;
;     -- RAM_BLOCK_TYPE                     ; AUTO                                          ;
;     -- READ_DURING_WRITE_MODE_MIXED_PORTS ; DONT_CARE                                     ;
+-------------------------------------------+-----------------------------------------------+


+-------------------------------+
; Analysis & Synthesis Messages ;
+-------------------------------+
Info: *******************************************************************
Info: Running Quartus II Analysis & Synthesis
    Info: Version 9.0 Build 235 06/17/2009 Service Pack 2 SJ Web Edition
    Info: Processing started: Tue Apr 10 11:30:43 2018
Info: Command: quartus_map --read_settings_files=on --write_settings_files=off liu -c liu
Info: Found 1 design units, including 1 entities, in source file ../11503/addr32.v
    Info: Found entity 1: addr32
Info: Found 1 design units, including 1 entities, in source file ../11503/dac7513.v
    Info: Found entity 1: dac7513
Info: Found 1 design units, including 1 entities, in source file ../11503/dff32.v
    Info: Found entity 1: dff32
Info: Found 1 design units, including 1 entities, in source file ../11503/liuliu.bdf
    Info: Found entity 1: liuliu
Info: Found 1 design units, including 1 entities, in source file ../11503/sin_rom.v
    Info: Found entity 1: sin_rom
Info: Found 2 design units, including 2 entities, in source file cnt.v
    Info: Found entity 1: cnt
    Info: Found entity 2: pad
Info: Found 2 design units, including 2 entities, in source file mux21.v
    Info: Found entity 1: mux21
    Info: Found entity 2: mux12
Info: Found 1 design units, including 1 entities, in source file other.v
    Info: Found entity 1: other
Warning: Can't analyze file -- file H:/11503/liuliu.bdf is missing
Critical Warning (10226): Verilog HDL Port Declaration warning at addr32.v(5): port declaration for "result" declares unpacked dimensions but the data type declaration does not
Info (10151): Verilog HDL Declaration information at addr32.v(4): "result" is declared here
Warning (10227): Verilog HDL Port Declaration warning at addr32.v(5): data type declaration for "result" declares packed dimensions but the port declaration declaration does not
Info: Elaborating entity "liuliu" for the top level hierarchy
Info: Elaborating entity "dac7513" for hierarchy "dac7513:inst1"
Warning (10230): Verilog HDL assignment warning at dac7513.v(15): truncated value with size 32 to match size of target (5)
Warning (10230): Verilog HDL assignment warning at dac7513.v(26): truncated value with size 32 to match size of target (10)
Warning (10230): Verilog HDL assignment warning at dac7513.v(36): truncated value with size 32 to match size of target (5)
Info: Elaborating entity "mux21" for hierarchy "mux21:inst10"
Info: Elaborating entity "sin_rom" for hierarchy "sin_rom:inst3"
Info: Elaborating entity "altsyncram" for hierarchy "sin_rom:inst3|altsyncram:altsyncram_component"
Info: Elaborated megafunction instantiation "sin_rom:inst3|altsyncram:altsyncram_component"
Info: Instantiated megafunction "sin_rom:inst3|altsyncram:altsyncram_component" with the following parameter:
    Info: Parameter "clock_enable_input_a" = "BYPASS"
    Info: Parameter "clock_enable_output_a" = "BYPASS"
    Info: Parameter "init_file" = "sin.mif"
    Info: Parameter "intended_device_family" = "Cyclone II"
    Info: Parameter "lpm_hint" = "ENABLE_RUNTIME_MOD=NO"
    Info: Parameter "lpm_type" = "altsyncram"
    Info: Parameter "numwords_a" = "1024"
    Info: Parameter "operation_mode" = "ROM"
    Info: Parameter "outdata_aclr_a" = "NONE"
    Info: Parameter "outdata_reg_a" = "UNREGISTERED"
    Info: Parameter "widthad_a" = "10"
    Info: Parameter "width_a" = "12"
    Info: Parameter "width_byteena_a" = "1"
Info: Found 1 design units, including 1 entities, in source file db/altsyncram_jk71.tdf
    Info: Found entity 1: altsyncram_jk71
Info: Elaborating entity "altsyncram_jk71" for hierarchy "sin_rom:inst3|altsyncram:altsyncram_component|altsyncram_jk71:auto_generated"
Info: Elaborating entity "mux12" for hierarchy "mux12:inst5"
Warning (10240): Verilog HDL Always Construct warning at mux21.v(20): inferring latch(es) for variable "dataa", which holds its previous value in one or more paths through the always construct
Warning (10240): Verilog HDL Always Construct warning at mux21.v(20): inferring latch(es) for variable "datab", which holds its previous value in one or more paths through the always construct
Info (10041): Inferred latch for "datab[0]" at mux21.v(20)
Info (10041): Inferred latch for "datab[1]" at mux21.v(20)
Info (10041): Inferred latch for "datab[2]" at mux21.v(20)
Info (10041): Inferred latch for "datab[3]" at mux21.v(20)
Info (10041): Inferred latch for "datab[4]" at mux21.v(20)
Info (10041): Inferred latch for "datab[5]" at mux21.v(20)
Info (10041): Inferred latch for "datab[6]" at mux21.v(20)
Info (10041): Inferred latch for "datab[7]" at mux21.v(20)
Info (10041): Inferred latch for "datab[8]" at mux21.v(20)
Info (10041): Inferred latch for "datab[9]" at mux21.v(20)
Info (10041): Inferred latch for "dataa[0]" at mux21.v(20)
Info (10041): Inferred latch for "dataa[1]" at mux21.v(20)
Info (10041): Inferred latch for "dataa[2]" at mux21.v(20)
Info (10041): Inferred latch for "dataa[3]" at mux21.v(20)
Info (10041): Inferred latch for "dataa[4]" at mux21.v(20)
Info (10041): Inferred latch for "dataa[5]" at mux21.v(20)
Info (10041): Inferred latch for "dataa[6]" at mux21.v(20)
Info (10041): Inferred latch for "dataa[7]" at mux21.v(20)
Info (10041): Inferred latch for "dataa[8]" at mux21.v(20)
Info (10041): Inferred latch for "dataa[9]" at mux21.v(20)
Info: Elaborating entity "pad" for hierarchy "pad:inst8"
Info: Elaborating entity "dff32" for hierarchy "dff32:inst2"
Info: Elaborating entity "addr32" for hierarchy "addr32:inst"
Info: Elaborating entity "cnt" for hierarchy "cnt:inst4"
Warning (10230): Verilog HDL assignment warning at cnt.v(6): truncated value with size 32 to match size of target (10)
Info: Elaborating entity "other" for hierarchy "other:inst6"
Info: Elaborating entity "altsyncram" for hierarchy "other:inst6|altsyncram:altsyncram_component"
Info: Elaborated megafunction instantiation "other:inst6|altsyncram:altsyncram_component"
Info: Instantiated megafunction "other:inst6|altsyncram:altsyncram_component" with the following parameter:
    Info: Parameter "clock_enable_input_a" = "BYPASS"
    Info: Parameter "clock_enable_output_a" = "BYPASS"
    Info: Parameter "init_file" = "other.mif"
    Info: Parameter "intended_device_family" = "Cyclone II"
    Info: Parameter "lpm_hint" = "ENABLE_RUNTIME_MOD=NO"
    Info: Parameter "lpm_type" = "altsyncram"
    Info: Parameter "numwords_a" = "1024"
    Info: Parameter "operation_mode" = "ROM"
    Info: Parameter "outdata_aclr_a" = "NONE"
    Info: Parameter "outdata_reg_a" = "UNREGISTERED"
    Info: Parameter "widthad_a" = "10"
    Info: Parameter "width_a" = "12"
    Info: Parameter "width_byteena_a" = "1"
Info: Found 1 design units, including 1 entities, in source file db/altsyncram_br71.tdf
    Info: Found entity 1: altsyncram_br71
Info: Elaborating entity "altsyncram_br71" for hierarchy "other:inst6|altsyncram:altsyncram_component|altsyncram_br71:auto_generated"
Info: Implemented 214 device resources after synthesis - the final resource count might be different
    Info: Implemented 11 input pins
    Info: Implemented 3 output pins
    Info: Implemented 176 logic cells
    Info: Implemented 24 RAM segments
Info: Quartus II Analysis & Synthesis was successful. 0 errors, 9 warnings
    Info: Peak virtual memory: 179 megabytes
    Info: Processing ended: Tue Apr 10 11:30:44 2018
    Info: Elapsed time: 00:00:01
    Info: Total CPU time (on all processors): 00:00:01


